2025-09-26 23:00:02.024: [INFO] VisibilityChanged: 0
2025-09-26 23:00:02.089: [INFO] RecordSyncInitDuration has_sync_been_enabled: 0 state: 0
2025-09-26 23:00:02.090: [INFO] RecordSyncInitDuration has_sync_been_enabled: 0 state: 0
2025-09-26 23:00:02.091: [INFO] RecordSyncInitDuration has_sync_been_enabled: 0 state: 0
2025-09-26 23:00:02.092: [INFO] RecordSyncInitDuration has_sync_been_enabled: 0 state: 0
2025-09-26 23:00:02.093: [INFO] RecordSyncInitDuration has_sync_been_enabled: 0 state: 0
2025-09-26 23:00:02.093: [INFO] RecordSyncInitDuration has_sync_been_enabled: 0 state: 0
2025-09-26 23:00:02.094: [INFO] RecordSyncInitDuration has_sync_been_enabled: 0 state: 0
2025-09-26 23:00:02.095: [INFO] RecordSyncInitDuration has_sync_been_enabled: 0 state: 0
2025-09-26 23:00:02.096: [INFO] RecordSyncInitDuration has_sync_been_enabled: 0 state: 0
2025-09-26 23:00:02.097: [INFO] RecordSyncInitDuration has_sync_been_enabled: 0 state: 0
2025-09-26 23:00:02.098: [INFO] RecordSyncInitDuration has_sync_been_enabled: 0 state: 0
2025-09-26 23:00:02.106: [INFO] BookmarkNodeAdded, ABU: 0
2025-09-26 23:00:02.107: [INFO] BookmarkNodeAdded, ABU: 0
2025-09-26 23:00:02.107: [INFO] BookmarkNodeAdded, ABU: 0
2025-09-26 23:00:02.107: [INFO] BookmarkModelLoaded, ids_reassigned: 0
2025-09-26 23:00:02.107: [INFO] OnDoneLoading sync enabled: 0
2025-09-26 23:00:02.168: [INFO] RecordSyncInitDuration has_sync_been_enabled: 0 state: 0
2025-09-26 23:00:02.245: [INFO] RecordSyncInitDuration has_sync_been_enabled: 0 state: 3
2025-09-26 23:00:02.248: [INFO] Primary account changed.
2025-09-26 23:00:02.248: [INFO] OnPrimaryAccountChanged PrimaryAccountChangeEvent::Type::kSet
2025-09-26 23:00:02.253: [INFO] RecordSyncInitDuration has_sync_been_enabled: 0 state: 3
2025-09-26 23:00:02.389: [INFO] RecordSyncInitDuration has_sync_been_enabled: 0 state: 3
2025-09-26 23:00:05.149: [INFO] BookmarkNodeAdded, ABU: 0
2025-09-26 23:00:05.149: [INFO] BookmarkNodeAdded, ABU: 0
2025-09-26 23:00:05.149: [INFO] BookmarkNodeAdded, ABU: 0
2025-09-26 23:00:05.149: [INFO] BookmarkNodeAdded, ABU: 0
2025-09-26 23:00:05.149: [INFO] BookmarkNodeAdded, ABU: 0
2025-09-26 23:00:05.149: [INFO] BookmarkNodeAdded, ABU: 0
2025-09-26 23:00:05.149: [INFO] BookmarkNodeAdded, ABU: 0
2025-09-26 23:00:05.149: [INFO] BookmarkNodeAdded, ABU: 0
2025-09-26 23:00:05.149: [INFO] BookmarkNodeAdded, ABU: 0
2025-09-26 23:00:10.818: [INFO] Sync initialization duration: 8359ms
