{"logTime": "0926/230003", "correlationVector":"1ZQFuInyYqE9Cc41ED58QX.1","action":"SyncServerConnectionManagerRequest", "result":"SYNC_SERVER_OK", "context":{"environment":"Prod_eastus2_prod-s01-050-nam-eastus2", "migrationStage":"NotStarted", "server":"akswtt103000004"}}
{"logTime": "0926/230003", "correlationVector":"1ZQFuInyYqE9Cc41ED58QX.2","action":"ProcessGetUpdates", "result":"Done", "context":{"dataType":"Encryption Keys", "deleted":"0", "process_failed_to_decrypt":"0", "process_pending_decryption":"0", "process_success":"1", "total":"1"}}
{"logTime": "0926/230004", "correlationVector":"8WGUw38Gwe/ibaVjO6Zd3T","action":"SyncServerConnectionManagerRequest", "result":"SYNC_SERVER_OK", "context":{"environment":"", "migrationStage":"", "server":""}}
{"logTime": "0926/230004", "correlationVector":"8WGUw38Gwe/ibaVjO6Zd3T.0","action":"EncryptionKeysFetcher.DownloadKeys:", "result":"Success", "context":Key count: 9, Last key timestamp: 2025-08-09T17:55:10Z}
{"logTime": "0926/230004", "correlationVector":"8WGUw38Gwe/ibaVjO6Zd3T.1","action":"EncryptionKeysManager::SetEncryptionKeys:", "result":"Success", "context":Key names[9]:[mqA8znpO2K3kGSuoTDRP1sZD0ggFcP6Dzam29tvauxJ/4Ytnva+UBlfx5MTd1LUdw7MAQTngEIJhvAzce9frdg==][l+MoqO8NrObnWMcSqcCWSFhSXj06/aE72jpoYZ4AZF/R517nLjp25dUh49c2GvaNxzEADXNU6XNqk4ybGfVxAg==][mAB2ToZu/zQBupL/jlYVFfe0WY7gQ15tLoj/1IGrUlEjAoT+SfxCw8sqTVQT7U0uKLN0/4krmT3J8C0bZiuQtA==][0WyuLKXa4VNH07+30LxiHttY16sYCD/1oIJFYf0v2RP++deC4qJXJQSyliFvF1cHIgkeK3IwMcAmJV8YlYYCMA==][mp8DOgYxrWMQ9d8+qMqrKqJ0LbznViMztbPJ35igrOYaXO6/p4pwYGnGQr1cLC/90qa20Jie9CLaF4l6ecqwug==][DpdG48oKtdTcX6mrO3bgzv7mOXC6C2t+zWsksOstOpOv7Fz05n34ajVgPk51uiJXtbQjMyo6VFSMDZF02grkkg==][QWMQ3wtxFElBrfy1VuWnRhpKuYrJqjZPMUkf5L0c4Wszrw//dPDGjoHZm4PnmxKSdH1thcEtrnI7dCHz2b6AjQ==][SZiK64AHqMJFemRSpupISFifHGmxLuk3ZV8Ua9hNHisjRjPIKvvBqxoRCkCga53eE1pDag6HGr8B7LEZSueALw==][baTiDlh+3ggoN4CisIY+XbPUriWYK1qvb3z6nKnDdyiSlA45bWJVqS3/IJBGafuhFRWypcF6Nr29zvSBqVVJvQ==]}
{"logTime": "0926/230004", "correlationVector":"8WGUw38Gwe/ibaVjO6Zd3T.2","action":"EncryptionKeysManager::SetEncryptionKeysWithTimestamps:", "result":"Success", "context":Key timestamps[9]:[2021-02-28T21:16:39Z][2021-08-29T03:21:51Z][2022-04-27T19:53:54Z][2022-11-12T14:49:47Z][2023-05-25T01:24:25Z][2023-12-28T16:50:22Z][2024-08-11T19:17:58Z][2025-02-08T20:55:08Z][2025-08-09T17:55:10Z]}
{"logTime": "0926/230004", "correlationVector":"1ZQFuInyYqE9Cc41ED58QX","action":"Initial GetUpdates", "result":"", "context":Reason: NEW_CLIENT. cV=1ZQFuInyYqE9Cc41ED58QX}
{"logTime": "0926/230004", "correlationVector":"1ZQFuInyYqE9Cc41ED58QX.3","action":"GetUpdates Response", "result":"Success", "context":Received 1 update(s). cV=1ZQFuInyYqE9Cc41ED58QX.0;server=akswtt103000004;cloudType=Consumer;environment=Prod_eastus2_prod-s01-050-nam-eastus2;migrationStage=NotStarted}
{"logTime": "0926/230004", "correlationVector":"Dl5Z2usxcrXCfTtEEzNZH9","action":"Initial GetUpdates", "result":"", "context":Reason: NEWLY_SUPPORTED_DATATYPE. cV=Dl5Z2usxcrXCfTtEEzNZH9}
{"logTime": "0926/230004", "correlationVector":"Dl5Z2usxcrXCfTtEEzNZH9.1","action":"SyncServerConnectionManagerRequest", "result":"SYNC_SERVER_OK", "context":{"environment":"Prod_eastus2_prod-s01-050-nam-eastus2", "migrationStage":"NotStarted", "server":"akswtt10300000q"}}
{"logTime": "0926/230004", "correlationVector":"Dl5Z2usxcrXCfTtEEzNZH9.2","action":"ProcessGetUpdates", "result":"Done", "context":{"dataType":"Preferences", "deleted":"1", "process_failed_to_decrypt":"0", "process_pending_decryption":"0", "process_success":"94", "total":"94"}}
{"logTime": "0926/230004", "correlationVector":"Dl5Z2usxcrXCfTtEEzNZH9.3","action":"ProcessGetUpdates", "result":"Done", "context":{"dataType":"Passwords", "deleted":"2", "process_failed_to_decrypt":"0", "process_pending_decryption":"0", "process_success":"26", "total":"26"}}
{"logTime": "0926/230004", "correlationVector":"Dl5Z2usxcrXCfTtEEzNZH9.4","action":"ProcessGetUpdates", "result":"Done", "context":{"dataType":"Device Info", "deleted":"0", "process_failed_to_decrypt":"0", "process_pending_decryption":"0", "process_success":"10", "total":"10"}}
{"logTime": "0926/230004", "correlationVector":"Dl5Z2usxcrXCfTtEEzNZH9.5","action":"GetUpdates Response", "result":"Success", "context":Received 130 update(s). cV=Dl5Z2usxcrXCfTtEEzNZH9.0;server=akswtt10300000q;cloudType=Consumer;environment=Prod_eastus2_prod-s01-050-nam-eastus2;migrationStage=NotStarted}
{"logTime": "0926/230004", "correlationVector":"rxlzU4ka4dCkTpI/TPWkc3","action":"Initial GetUpdates", "result":"", "context":Reason: NEWLY_SUPPORTED_DATATYPE. cV=rxlzU4ka4dCkTpI/TPWkc3}
{"logTime": "0926/230005", "correlationVector":"rxlzU4ka4dCkTpI/TPWkc3.1","action":"SyncServerConnectionManagerRequest", "result":"SYNC_SERVER_OK", "context":{"environment":"Prod_eastus2_prod-s01-050-nam-eastus2", "migrationStage":"NotStarted", "server":"akswtt103000005"}}
{"logTime": "0926/230005", "correlationVector":"rxlzU4ka4dCkTpI/TPWkc3.2","action":"ProcessGetUpdates", "result":"Done", "context":{"dataType":"Bookmarks", "deleted":"3", "process_failed_to_decrypt":"0", "process_pending_decryption":"0", "process_success":"18", "total":"18"}}
{"logTime": "0926/230005", "correlationVector":"rxlzU4ka4dCkTpI/TPWkc3.3","action":"GetUpdates Response", "result":"Success", "context":Received 18 update(s). cV=rxlzU4ka4dCkTpI/TPWkc3.0;server=akswtt103000005;cloudType=Consumer;environment=Prod_eastus2_prod-s01-050-nam-eastus2;migrationStage=NotStarted}
{"logTime": "0926/230005", "correlationVector":"NpusoJKO7v0FkCuglov1eI","action":"Initial GetUpdates", "result":"", "context":Reason: NEWLY_SUPPORTED_DATATYPE. cV=NpusoJKO7v0FkCuglov1eI}
{"logTime": "0926/230005", "correlationVector":"NpusoJKO7v0FkCuglov1eI.1","action":"SyncServerConnectionManagerRequest", "result":"SYNC_SERVER_OK", "context":{"environment":"Prod_eastus2_prod-s01-050-nam-eastus2", "migrationStage":"NotStarted", "server":"akswtt10300000v"}}
{"logTime": "0926/230005", "correlationVector":"NpusoJKO7v0FkCuglov1eI.2","action":"ProcessGetUpdates", "result":"Done", "context":{"dataType":"Autofill Profiles", "deleted":"1", "process_failed_to_decrypt":"0", "process_pending_decryption":"0", "process_success":"1", "total":"1"}}
{"logTime": "0926/230005", "correlationVector":"NpusoJKO7v0FkCuglov1eI.3","action":"ProcessGetUpdates", "result":"Done", "context":{"dataType":"Autofill", "deleted":"0", "process_failed_to_decrypt":"0", "process_pending_decryption":"0", "process_success":"1", "total":"1"}}
{"logTime": "0926/230005", "correlationVector":"NpusoJKO7v0FkCuglov1eI.4","action":"ProcessGetUpdates", "result":"Done", "context":{"dataType":"Extensions", "deleted":"0", "process_failed_to_decrypt":"0", "process_pending_decryption":"0", "process_success":"4", "total":"4"}}
{"logTime": "0926/230005", "correlationVector":"NpusoJKO7v0FkCuglov1eI.5","action":"ProcessGetUpdates", "result":"Done", "context":{"dataType":"Sessions", "deleted":"214", "process_failed_to_decrypt":"0", "process_pending_decryption":"0", "process_success":"214", "total":"214"}}
{"logTime": "0926/230005", "correlationVector":"NpusoJKO7v0FkCuglov1eI.6","action":"ProcessGetUpdates", "result":"Done", "context":{"dataType":"Extension settings", "deleted":"0", "process_failed_to_decrypt":"0", "process_pending_decryption":"0", "process_success":"3", "total":"3"}}
{"logTime": "0926/230005", "correlationVector":"NpusoJKO7v0FkCuglov1eI.7","action":"ProcessGetUpdates", "result":"Done", "context":{"dataType":"Edge Hub App Usage", "deleted":"9", "process_failed_to_decrypt":"0", "process_pending_decryption":"0", "process_success":"27", "total":"27"}}
{"logTime": "0926/230005", "correlationVector":"NpusoJKO7v0FkCuglov1eI.8","action":"GetUpdates Response", "result":"Success", "context":Received 250 update(s). cV=NpusoJKO7v0FkCuglov1eI.0;server=akswtt10300000v;cloudType=Consumer;environment=Prod_eastus2_prod-s01-050-nam-eastus2;migrationStage=NotStarted Some updates remain.}
{"logTime": "0926/230005", "correlationVector":"3048LtdQ+RsSdR7ARJEpC1","action":"Initial GetUpdates", "result":"", "context":Reason: NEWLY_SUPPORTED_DATATYPE. cV=3048LtdQ+RsSdR7ARJEpC1}
{"logTime": "0926/230006", "correlationVector":"3048LtdQ+RsSdR7ARJEpC1.1","action":"SyncServerConnectionManagerRequest", "result":"SYNC_SERVER_OK", "context":{"environment":"Prod_eastus2_prod-s01-050-nam-eastus2", "migrationStage":"NotStarted", "server":"akswtt103000001"}}
{"logTime": "0926/230006", "correlationVector":"3048LtdQ+RsSdR7ARJEpC1.2","action":"ProcessGetUpdates", "result":"Done", "context":{"dataType":"Sessions", "deleted":"131", "process_failed_to_decrypt":"0", "process_pending_decryption":"0", "process_success":"131", "total":"131"}}
{"logTime": "0926/230006", "correlationVector":"3048LtdQ+RsSdR7ARJEpC1.3","action":"ProcessGetUpdates", "result":"Done", "context":{"dataType":"Edge Hub App Usage", "deleted":"0", "process_failed_to_decrypt":"0", "process_pending_decryption":"0", "process_success":"119", "total":"119"}}
{"logTime": "0926/230006", "correlationVector":"3048LtdQ+RsSdR7ARJEpC1.4","action":"GetUpdates Response", "result":"Success", "context":Received 250 update(s). cV=3048LtdQ+RsSdR7ARJEpC1.0;server=akswtt103000001;cloudType=Consumer;environment=Prod_eastus2_prod-s01-050-nam-eastus2;migrationStage=NotStarted Some updates remain.}
{"logTime": "0926/230006", "correlationVector":"+Kjqu94cuqWr2cwHFpUX/0","action":"Initial GetUpdates", "result":"", "context":Reason: NEWLY_SUPPORTED_DATATYPE. cV=+Kjqu94cuqWr2cwHFpUX/0}
{"logTime": "0926/230006", "correlationVector":"+Kjqu94cuqWr2cwHFpUX/0.1","action":"SyncServerConnectionManagerRequest", "result":"SYNC_SERVER_OK", "context":{"environment":"Prod_eastus2_prod-s01-050-nam-eastus2", "migrationStage":"NotStarted", "server":"akswtt10300000w"}}
{"logTime": "0926/230006", "correlationVector":"+Kjqu94cuqWr2cwHFpUX/0.2","action":"ProcessGetUpdates", "result":"Done", "context":{"dataType":"Sessions", "deleted":"123", "process_failed_to_decrypt":"0", "process_pending_decryption":"0", "process_success":"123", "total":"123"}}
{"logTime": "0926/230006", "correlationVector":"+Kjqu94cuqWr2cwHFpUX/0.3","action":"ProcessGetUpdates", "result":"Done", "context":{"dataType":"Edge Hub App Usage", "deleted":"0", "process_failed_to_decrypt":"0", "process_pending_decryption":"0", "process_success":"127", "total":"127"}}
{"logTime": "0926/230006", "correlationVector":"+Kjqu94cuqWr2cwHFpUX/0.4","action":"GetUpdates Response", "result":"Success", "context":Received 250 update(s). cV=+Kjqu94cuqWr2cwHFpUX/0.0;server=akswtt10300000w;cloudType=Consumer;environment=Prod_eastus2_prod-s01-050-nam-eastus2;migrationStage=NotStarted Some updates remain.}
{"logTime": "0926/230006", "correlationVector":"ihzv75W1mN6o7Nf8sgI5gP","action":"Initial GetUpdates", "result":"", "context":Reason: NEWLY_SUPPORTED_DATATYPE. cV=ihzv75W1mN6o7Nf8sgI5gP}
{"logTime": "0926/230007", "correlationVector":"ihzv75W1mN6o7Nf8sgI5gP.1","action":"SyncServerConnectionManagerRequest", "result":"SYNC_SERVER_OK", "context":{"environment":"Prod_eastus2_prod-s01-050-nam-eastus2", "migrationStage":"NotStarted", "server":"akswtt10300000k"}}
{"logTime": "0926/230007", "correlationVector":"ihzv75W1mN6o7Nf8sgI5gP.2","action":"ProcessGetUpdates", "result":"Done", "context":{"dataType":"Extensions", "deleted":"0", "process_failed_to_decrypt":"0", "process_pending_decryption":"0", "process_success":"2", "total":"2"}}
{"logTime": "0926/230007", "correlationVector":"ihzv75W1mN6o7Nf8sgI5gP.3","action":"ProcessGetUpdates", "result":"Done", "context":{"dataType":"Sessions", "deleted":"151", "process_failed_to_decrypt":"0", "process_pending_decryption":"0", "process_success":"151", "total":"151"}}
{"logTime": "0926/230007", "correlationVector":"ihzv75W1mN6o7Nf8sgI5gP.4","action":"ProcessGetUpdates", "result":"Done", "context":{"dataType":"Edge Hub App Usage", "deleted":"0", "process_failed_to_decrypt":"0", "process_pending_decryption":"0", "process_success":"97", "total":"97"}}
{"logTime": "0926/230007", "correlationVector":"ihzv75W1mN6o7Nf8sgI5gP.5","action":"GetUpdates Response", "result":"Success", "context":Received 250 update(s). cV=ihzv75W1mN6o7Nf8sgI5gP.0;server=akswtt10300000k;cloudType=Consumer;environment=Prod_eastus2_prod-s01-050-nam-eastus2;migrationStage=NotStarted Some updates remain.}
{"logTime": "0926/230007", "correlationVector":"x+oPyZjfGmPFNiDMMrGOAi","action":"Initial GetUpdates", "result":"", "context":Reason: NEWLY_SUPPORTED_DATATYPE. cV=x+oPyZjfGmPFNiDMMrGOAi}
{"logTime": "0926/230007", "correlationVector":"x+oPyZjfGmPFNiDMMrGOAi.1","action":"SyncServerConnectionManagerRequest", "result":"SYNC_SERVER_OK", "context":{"environment":"Prod_eastus2_prod-s01-050-nam-eastus2", "migrationStage":"NotStarted", "server":"akswtt103000003"}}
{"logTime": "0926/230007", "correlationVector":"x+oPyZjfGmPFNiDMMrGOAi.2","action":"ProcessGetUpdates", "result":"Done", "context":{"dataType":"Sessions", "deleted":"134", "process_failed_to_decrypt":"0", "process_pending_decryption":"0", "process_success":"134", "total":"134"}}
{"logTime": "0926/230007", "correlationVector":"x+oPyZjfGmPFNiDMMrGOAi.3","action":"ProcessGetUpdates", "result":"Done", "context":{"dataType":"Edge Hub App Usage", "deleted":"1", "process_failed_to_decrypt":"0", "process_pending_decryption":"0", "process_success":"116", "total":"116"}}
{"logTime": "0926/230007", "correlationVector":"x+oPyZjfGmPFNiDMMrGOAi.4","action":"GetUpdates Response", "result":"Success", "context":Received 250 update(s). cV=x+oPyZjfGmPFNiDMMrGOAi.0;server=akswtt103000003;cloudType=Consumer;environment=Prod_eastus2_prod-s01-050-nam-eastus2;migrationStage=NotStarted Some updates remain.}
{"logTime": "0926/230007", "correlationVector":"X/fKBAlIAyErRBB6R4TrTv","action":"Initial GetUpdates", "result":"", "context":Reason: NEWLY_SUPPORTED_DATATYPE. cV=X/fKBAlIAyErRBB6R4TrTv}
{"logTime": "0926/230008", "correlationVector":"X/fKBAlIAyErRBB6R4TrTv.1","action":"SyncServerConnectionManagerRequest", "result":"SYNC_SERVER_OK", "context":{"environment":"Prod_eastus2_prod-s01-050-nam-eastus2", "migrationStage":"NotStarted", "server":"akswtt103000002"}}
{"logTime": "0926/230008", "correlationVector":"X/fKBAlIAyErRBB6R4TrTv.2","action":"ProcessGetUpdates", "result":"Done", "context":{"dataType":"Autofill Profiles", "deleted":"0", "process_failed_to_decrypt":"0", "process_pending_decryption":"0", "process_success":"10", "total":"10"}}
{"logTime": "0926/230008", "correlationVector":"X/fKBAlIAyErRBB6R4TrTv.3","action":"ProcessGetUpdates", "result":"Done", "context":{"dataType":"Autofill", "deleted":"0", "process_failed_to_decrypt":"0", "process_pending_decryption":"0", "process_success":"50", "total":"50"}}
{"logTime": "0926/230008", "correlationVector":"X/fKBAlIAyErRBB6R4TrTv.4","action":"ProcessGetUpdates", "result":"Done", "context":{"dataType":"Sessions", "deleted":"72", "process_failed_to_decrypt":"0", "process_pending_decryption":"0", "process_success":"72", "total":"72"}}
{"logTime": "0926/230008", "correlationVector":"X/fKBAlIAyErRBB6R4TrTv.5","action":"ProcessGetUpdates", "result":"Done", "context":{"dataType":"Edge Hub App Usage", "deleted":"0", "process_failed_to_decrypt":"0", "process_pending_decryption":"0", "process_success":"118", "total":"118"}}
{"logTime": "0926/230008", "correlationVector":"X/fKBAlIAyErRBB6R4TrTv.6","action":"GetUpdates Response", "result":"Success", "context":Received 250 update(s). cV=X/fKBAlIAyErRBB6R4TrTv.0;server=akswtt103000002;cloudType=Consumer;environment=Prod_eastus2_prod-s01-050-nam-eastus2;migrationStage=NotStarted Some updates remain.}
{"logTime": "0926/230008", "correlationVector":"nqHU0d9/x1tk22cDzOYn+H","action":"Initial GetUpdates", "result":"", "context":Reason: NEWLY_SUPPORTED_DATATYPE. cV=nqHU0d9/x1tk22cDzOYn+H}
{"logTime": "0926/230008", "correlationVector":"nqHU0d9/x1tk22cDzOYn+H.1","action":"SyncServerConnectionManagerRequest", "result":"SYNC_SERVER_OK", "context":{"environment":"Prod_eastus2_prod-s01-050-nam-eastus2", "migrationStage":"NotStarted", "server":"akswtt10300001v"}}
{"logTime": "0926/230008", "correlationVector":"nqHU0d9/x1tk22cDzOYn+H.2","action":"ProcessGetUpdates", "result":"Done", "context":{"dataType":"Autofill", "deleted":"0", "process_failed_to_decrypt":"0", "process_pending_decryption":"0", "process_success":"192", "total":"192"}}
{"logTime": "0926/230008", "correlationVector":"nqHU0d9/x1tk22cDzOYn+H.3","action":"ProcessGetUpdates", "result":"Done", "context":{"dataType":"Sessions", "deleted":"29", "process_failed_to_decrypt":"0", "process_pending_decryption":"0", "process_success":"29", "total":"29"}}
{"logTime": "0926/230008", "correlationVector":"nqHU0d9/x1tk22cDzOYn+H.4","action":"ProcessGetUpdates", "result":"Done", "context":{"dataType":"Edge Hub App Usage", "deleted":"0", "process_failed_to_decrypt":"0", "process_pending_decryption":"0", "process_success":"29", "total":"29"}}
{"logTime": "0926/230008", "correlationVector":"nqHU0d9/x1tk22cDzOYn+H.5","action":"GetUpdates Response", "result":"Success", "context":Received 250 update(s). cV=nqHU0d9/x1tk22cDzOYn+H.0;server=akswtt10300001v;cloudType=Consumer;environment=Prod_eastus2_prod-s01-050-nam-eastus2;migrationStage=NotStarted Some updates remain.}
{"logTime": "0926/230008", "correlationVector":"w4dcXDJDw5U+nfFipxysKb","action":"Initial GetUpdates", "result":"", "context":Reason: NEWLY_SUPPORTED_DATATYPE. cV=w4dcXDJDw5U+nfFipxysKb}
{"logTime": "0926/230009", "correlationVector":"w4dcXDJDw5U+nfFipxysKb.1","action":"SyncServerConnectionManagerRequest", "result":"SYNC_SERVER_OK", "context":{"environment":"Prod_eastus2_prod-s01-050-nam-eastus2", "migrationStage":"NotStarted", "server":"akswtt10300000v"}}
{"logTime": "0926/230009", "correlationVector":"w4dcXDJDw5U+nfFipxysKb.2","action":"ProcessGetUpdates", "result":"Done", "context":{"dataType":"Autofill Profiles", "deleted":"1", "process_failed_to_decrypt":"0", "process_pending_decryption":"0", "process_success":"3", "total":"3"}}
{"logTime": "0926/230009", "correlationVector":"w4dcXDJDw5U+nfFipxysKb.3","action":"ProcessGetUpdates", "result":"Done", "context":{"dataType":"Autofill", "deleted":"0", "process_failed_to_decrypt":"0", "process_pending_decryption":"0", "process_success":"37", "total":"37"}}
{"logTime": "0926/230009", "correlationVector":"w4dcXDJDw5U+nfFipxysKb.4","action":"ProcessGetUpdates", "result":"Done", "context":{"dataType":"Sessions", "deleted":"104", "process_failed_to_decrypt":"0", "process_pending_decryption":"0", "process_success":"104", "total":"104"}}
{"logTime": "0926/230009", "correlationVector":"w4dcXDJDw5U+nfFipxysKb.5","action":"ProcessGetUpdates", "result":"Done", "context":{"dataType":"Edge Hub App Usage", "deleted":"0", "process_failed_to_decrypt":"0", "process_pending_decryption":"0", "process_success":"106", "total":"106"}}
{"logTime": "0926/230009", "correlationVector":"w4dcXDJDw5U+nfFipxysKb.6","action":"GetUpdates Response", "result":"Success", "context":Received 250 update(s). cV=w4dcXDJDw5U+nfFipxysKb.0;server=akswtt10300000v;cloudType=Consumer;environment=Prod_eastus2_prod-s01-050-nam-eastus2;migrationStage=NotStarted Some updates remain.}
{"logTime": "0926/230009", "correlationVector":"FMx+/3UpISXGZAesHvijyW","action":"Initial GetUpdates", "result":"", "context":Reason: NEWLY_SUPPORTED_DATATYPE. cV=FMx+/3UpISXGZAesHvijyW}
{"logTime": "0926/230009", "correlationVector":"FMx+/3UpISXGZAesHvijyW.1","action":"SyncServerConnectionManagerRequest", "result":"SYNC_SERVER_OK", "context":{"environment":"Prod_eastus2_prod-s01-050-nam-eastus2", "migrationStage":"NotStarted", "server":"akswtt10300001j"}}
{"logTime": "0926/230009", "correlationVector":"FMx+/3UpISXGZAesHvijyW.2","action":"ProcessGetUpdates", "result":"Done", "context":{"dataType":"Autofill Profiles", "deleted":"0", "process_failed_to_decrypt":"0", "process_pending_decryption":"0", "process_success":"2", "total":"2"}}
{"logTime": "0926/230009", "correlationVector":"FMx+/3UpISXGZAesHvijyW.3","action":"ProcessGetUpdates", "result":"Done", "context":{"dataType":"Autofill", "deleted":"0", "process_failed_to_decrypt":"0", "process_pending_decryption":"0", "process_success":"10", "total":"10"}}
{"logTime": "0926/230009", "correlationVector":"FMx+/3UpISXGZAesHvijyW.4","action":"ProcessGetUpdates", "result":"Done", "context":{"dataType":"Extensions", "deleted":"0", "process_failed_to_decrypt":"0", "process_pending_decryption":"0", "process_success":"1", "total":"1"}}
{"logTime": "0926/230009", "correlationVector":"FMx+/3UpISXGZAesHvijyW.5","action":"ProcessGetUpdates", "result":"Done", "context":{"dataType":"Sessions", "deleted":"134", "process_failed_to_decrypt":"0", "process_pending_decryption":"0", "process_success":"134", "total":"134"}}
{"logTime": "0926/230009", "correlationVector":"FMx+/3UpISXGZAesHvijyW.6","action":"ProcessGetUpdates", "result":"Done", "context":{"dataType":"Edge Hub App Usage", "deleted":"0", "process_failed_to_decrypt":"0", "process_pending_decryption":"0", "process_success":"103", "total":"103"}}
{"logTime": "0926/230009", "correlationVector":"FMx+/3UpISXGZAesHvijyW.7","action":"GetUpdates Response", "result":"Success", "context":Received 250 update(s). cV=FMx+/3UpISXGZAesHvijyW.0;server=akswtt10300001j;cloudType=Consumer;environment=Prod_eastus2_prod-s01-050-nam-eastus2;migrationStage=NotStarted Some updates remain.}
{"logTime": "0926/230009", "correlationVector":"3rzzG2KcvjLzZ6KvGa5nio","action":"Initial GetUpdates", "result":"", "context":Reason: NEWLY_SUPPORTED_DATATYPE. cV=3rzzG2KcvjLzZ6KvGa5nio}
{"logTime": "0926/230010", "correlationVector":"3rzzG2KcvjLzZ6KvGa5nio.1","action":"SyncServerConnectionManagerRequest", "result":"SYNC_SERVER_OK", "context":{"environment":"Prod_eastus2_prod-s01-050-nam-eastus2", "migrationStage":"NotStarted", "server":"akswtt10300001a"}}
{"logTime": "0926/230010", "correlationVector":"3rzzG2KcvjLzZ6KvGa5nio.2","action":"ProcessGetUpdates", "result":"Done", "context":{"dataType":"Autofill Profiles", "deleted":"0", "process_failed_to_decrypt":"0", "process_pending_decryption":"0", "process_success":"1", "total":"1"}}
{"logTime": "0926/230010", "correlationVector":"3rzzG2KcvjLzZ6KvGa5nio.3","action":"ProcessGetUpdates", "result":"Done", "context":{"dataType":"Autofill", "deleted":"0", "process_failed_to_decrypt":"0", "process_pending_decryption":"0", "process_success":"37", "total":"37"}}
{"logTime": "0926/230010", "correlationVector":"3rzzG2KcvjLzZ6KvGa5nio.4","action":"ProcessGetUpdates", "result":"Done", "context":{"dataType":"Extensions", "deleted":"0", "process_failed_to_decrypt":"0", "process_pending_decryption":"0", "process_success":"1", "total":"1"}}
{"logTime": "0926/230010", "correlationVector":"3rzzG2KcvjLzZ6KvGa5nio.5","action":"ProcessGetUpdates", "result":"Done", "context":{"dataType":"Sessions", "deleted":"180", "process_failed_to_decrypt":"0", "process_pending_decryption":"0", "process_success":"180", "total":"180"}}
{"logTime": "0926/230010", "correlationVector":"3rzzG2KcvjLzZ6KvGa5nio.6","action":"ProcessGetUpdates", "result":"Done", "context":{"dataType":"History Delete Directives", "deleted":"0", "process_failed_to_decrypt":"0", "process_pending_decryption":"0", "process_success":"2", "total":"2"}}
{"logTime": "0926/230010", "correlationVector":"3rzzG2KcvjLzZ6KvGa5nio.7","action":"ProcessGetUpdates", "result":"Done", "context":{"dataType":"Edge Hub App Usage", "deleted":"1", "process_failed_to_decrypt":"0", "process_pending_decryption":"0", "process_success":"29", "total":"29"}}
{"logTime": "0926/230010", "correlationVector":"3rzzG2KcvjLzZ6KvGa5nio.8","action":"GetUpdates Response", "result":"Success", "context":Received 250 update(s). cV=3rzzG2KcvjLzZ6KvGa5nio.0;server=akswtt10300001a;cloudType=Consumer;environment=Prod_eastus2_prod-s01-050-nam-eastus2;migrationStage=NotStarted Some updates remain.}
{"logTime": "0926/230010", "correlationVector":"v8t+JXIjw7j5Hq32MEwnVS","action":"Initial GetUpdates", "result":"", "context":Reason: NEWLY_SUPPORTED_DATATYPE. cV=v8t+JXIjw7j5Hq32MEwnVS}
{"logTime": "0926/230010", "correlationVector":"v8t+JXIjw7j5Hq32MEwnVS.1","action":"SyncServerConnectionManagerRequest", "result":"SYNC_SERVER_OK", "context":{"environment":"Prod_eastus2_prod-s01-050-nam-eastus2", "migrationStage":"NotStarted", "server":"akswtt10300001h"}}
{"logTime": "0926/230010", "correlationVector":"v8t+JXIjw7j5Hq32MEwnVS.2","action":"ProcessGetUpdates", "result":"Done", "context":{"dataType":"Autofill Profiles", "deleted":"0", "process_failed_to_decrypt":"0", "process_pending_decryption":"0", "process_success":"5", "total":"5"}}
{"logTime": "0926/230010", "correlationVector":"v8t+JXIjw7j5Hq32MEwnVS.3","action":"ProcessGetUpdates", "result":"Done", "context":{"dataType":"Autofill", "deleted":"0", "process_failed_to_decrypt":"0", "process_pending_decryption":"0", "process_success":"28", "total":"28"}}
{"logTime": "0926/230010", "correlationVector":"v8t+JXIjw7j5Hq32MEwnVS.4","action":"ProcessGetUpdates", "result":"Done", "context":{"dataType":"Extensions", "deleted":"0", "process_failed_to_decrypt":"0", "process_pending_decryption":"0", "process_success":"3", "total":"3"}}
{"logTime": "0926/230010", "correlationVector":"v8t+JXIjw7j5Hq32MEwnVS.5","action":"ProcessGetUpdates", "result":"Done", "context":{"dataType":"Sessions", "deleted":"193", "process_failed_to_decrypt":"0", "process_pending_decryption":"0", "process_success":"201", "total":"201"}}
{"logTime": "0926/230010", "correlationVector":"v8t+JXIjw7j5Hq32MEwnVS.6","action":"ProcessGetUpdates", "result":"Done", "context":{"dataType":"Edge Hub App Usage", "deleted":"7", "process_failed_to_decrypt":"0", "process_pending_decryption":"0", "process_success":"13", "total":"13"}}
{"logTime": "0926/230010", "correlationVector":"v8t+JXIjw7j5Hq32MEwnVS.7","action":"GetUpdates Response", "result":"Success", "context":Received 250 update(s). cV=v8t+JXIjw7j5Hq32MEwnVS.0;server=akswtt10300001h;cloudType=Consumer;environment=Prod_eastus2_prod-s01-050-nam-eastus2;migrationStage=NotStarted Some updates remain.}
{"logTime": "0926/230010", "correlationVector":"6bnPcx/F5FAtDmA+l811te","action":"Initial GetUpdates", "result":"", "context":Reason: NEWLY_SUPPORTED_DATATYPE. cV=6bnPcx/F5FAtDmA+l811te}
{"logTime": "0926/230010", "correlationVector":"6bnPcx/F5FAtDmA+l811te.1","action":"SyncServerConnectionManagerRequest", "result":"SYNC_SERVER_OK", "context":{"environment":"Prod_eastus2_prod-s01-050-nam-eastus2", "migrationStage":"NotStarted", "server":"akswtt10300000k"}}
{"logTime": "0926/230010", "correlationVector":"6bnPcx/F5FAtDmA+l811te.2","action":"ProcessGetUpdates", "result":"Done", "context":{"dataType":"Autofill Profiles", "deleted":"0", "process_failed_to_decrypt":"0", "process_pending_decryption":"0", "process_success":"1", "total":"1"}}
{"logTime": "0926/230010", "correlationVector":"6bnPcx/F5FAtDmA+l811te.3","action":"ProcessGetUpdates", "result":"Done", "context":{"dataType":"Autofill", "deleted":"0", "process_failed_to_decrypt":"0", "process_pending_decryption":"0", "process_success":"10", "total":"10"}}
{"logTime": "0926/230010", "correlationVector":"6bnPcx/F5FAtDmA+l811te.4","action":"ProcessGetUpdates", "result":"Done", "context":{"dataType":"Sessions", "deleted":"27", "process_failed_to_decrypt":"0", "process_pending_decryption":"0", "process_success":"51", "total":"51"}}
{"logTime": "0926/230010", "correlationVector":"6bnPcx/F5FAtDmA+l811te.5","action":"GetUpdates Response", "result":"Success", "context":Received 62 update(s). cV=6bnPcx/F5FAtDmA+l811te.0;server=akswtt10300000k;cloudType=Consumer;environment=Prod_eastus2_prod-s01-050-nam-eastus2;migrationStage=NotStarted}
{"logTime": "0926/230010", "correlationVector":"rO/r2xsWg3zX9mHk7vExgq","action":"Initial GetUpdates", "result":"", "context":Reason: NEWLY_SUPPORTED_DATATYPE. cV=rO/r2xsWg3zX9mHk7vExgq}
{"logTime": "0926/230011", "correlationVector":"rO/r2xsWg3zX9mHk7vExgq.1","action":"SyncServerConnectionManagerRequest", "result":"SYNC_SERVER_OK", "context":{"environment":"Prod_eastus2_prod-s01-050-nam-eastus2", "migrationStage":"NotStarted", "server":"akswtt10300001a"}}
{"logTime": "0926/230011", "correlationVector":"rO/r2xsWg3zX9mHk7vExgq.2","action":"ProcessGetUpdates", "result":"Done", "context":{"dataType":"History", "deleted":"0", "process_failed_to_decrypt":"0", "process_pending_decryption":"0", "process_success":"250", "total":"250"}}
{"logTime": "0926/230011", "correlationVector":"rO/r2xsWg3zX9mHk7vExgq.3","action":"GetUpdates Response", "result":"Success", "context":Received 250 update(s). cV=rO/r2xsWg3zX9mHk7vExgq.0;server=akswtt10300001a;cloudType=Consumer;environment=Prod_eastus2_prod-s01-050-nam-eastus2;migrationStage=NotStarted Some updates remain.}
{"logTime": "0926/230011", "correlationVector":"nwbrwjvGzXLnX0ejmCnM8r","action":"Initial GetUpdates", "result":"", "context":Reason: NEWLY_SUPPORTED_DATATYPE. cV=nwbrwjvGzXLnX0ejmCnM8r}
{"logTime": "0926/230012", "correlationVector":"nwbrwjvGzXLnX0ejmCnM8r.1","action":"SyncServerConnectionManagerRequest", "result":"SYNC_SERVER_OK", "context":{"environment":"Prod_eastus2_prod-s01-050-nam-eastus2", "migrationStage":"NotStarted", "server":"akswtt10300000t"}}
{"logTime": "0926/230012", "correlationVector":"nwbrwjvGzXLnX0ejmCnM8r.2","action":"ProcessGetUpdates", "result":"Done", "context":{"dataType":"History", "deleted":"0", "process_failed_to_decrypt":"0", "process_pending_decryption":"0", "process_success":"250", "total":"250"}}
{"logTime": "0926/230012", "correlationVector":"nwbrwjvGzXLnX0ejmCnM8r.3","action":"GetUpdates Response", "result":"Success", "context":Received 250 update(s). cV=nwbrwjvGzXLnX0ejmCnM8r.0;server=akswtt10300000t;cloudType=Consumer;environment=Prod_eastus2_prod-s01-050-nam-eastus2;migrationStage=NotStarted Some updates remain.}
{"logTime": "0926/230012", "correlationVector":"49puhvH6DzkI42DF+GHI6R","action":"Initial GetUpdates", "result":"", "context":Reason: NEWLY_SUPPORTED_DATATYPE. cV=49puhvH6DzkI42DF+GHI6R}
{"logTime": "0926/230012", "correlationVector":"49puhvH6DzkI42DF+GHI6R.1","action":"SyncServerConnectionManagerRequest", "result":"SYNC_SERVER_OK", "context":{"environment":"Prod_eastus2_prod-s01-050-nam-eastus2", "migrationStage":"NotStarted", "server":"akswtt10300000a"}}
{"logTime": "0926/230012", "correlationVector":"49puhvH6DzkI42DF+GHI6R.2","action":"ProcessGetUpdates", "result":"Done", "context":{"dataType":"History", "deleted":"0", "process_failed_to_decrypt":"0", "process_pending_decryption":"0", "process_success":"250", "total":"250"}}
{"logTime": "0926/230012", "correlationVector":"49puhvH6DzkI42DF+GHI6R.3","action":"GetUpdates Response", "result":"Success", "context":Received 250 update(s). cV=49puhvH6DzkI42DF+GHI6R.0;server=akswtt10300000a;cloudType=Consumer;environment=Prod_eastus2_prod-s01-050-nam-eastus2;migrationStage=NotStarted Some updates remain.}
{"logTime": "0926/230012", "correlationVector":"nWngNpZQkybNnVw4wf+wv4","action":"Initial GetUpdates", "result":"", "context":Reason: NEWLY_SUPPORTED_DATATYPE. cV=nWngNpZQkybNnVw4wf+wv4}
{"logTime": "0926/230013", "correlationVector":"nWngNpZQkybNnVw4wf+wv4.1","action":"SyncServerConnectionManagerRequest", "result":"SYNC_SERVER_OK", "context":{"environment":"Prod_eastus2_prod-s01-050-nam-eastus2", "migrationStage":"NotStarted", "server":"akswtt103000002"}}
{"logTime": "0926/230013", "correlationVector":"nWngNpZQkybNnVw4wf+wv4.2","action":"ProcessGetUpdates", "result":"Done", "context":{"dataType":"History", "deleted":"0", "process_failed_to_decrypt":"0", "process_pending_decryption":"0", "process_success":"250", "total":"250"}}
{"logTime": "0926/230013", "correlationVector":"nWngNpZQkybNnVw4wf+wv4.3","action":"GetUpdates Response", "result":"Success", "context":Received 250 update(s). cV=nWngNpZQkybNnVw4wf+wv4.0;server=akswtt103000002;cloudType=Consumer;environment=Prod_eastus2_prod-s01-050-nam-eastus2;migrationStage=NotStarted Some updates remain.}
{"logTime": "0926/230013", "correlationVector":"6zoM1tNR4JHMw0AEXMRkTj","action":"Initial GetUpdates", "result":"", "context":Reason: NEWLY_SUPPORTED_DATATYPE. cV=6zoM1tNR4JHMw0AEXMRkTj}
{"logTime": "0926/230013", "correlationVector":"6zoM1tNR4JHMw0AEXMRkTj.1","action":"SyncServerConnectionManagerRequest", "result":"SYNC_SERVER_OK", "context":{"environment":"Prod_eastus2_prod-s01-050-nam-eastus2", "migrationStage":"NotStarted", "server":"akswtt10300000f"}}
{"logTime": "0926/230013", "correlationVector":"6zoM1tNR4JHMw0AEXMRkTj.2","action":"ProcessGetUpdates", "result":"Done", "context":{"dataType":"History", "deleted":"0", "process_failed_to_decrypt":"0", "process_pending_decryption":"0", "process_success":"250", "total":"250"}}
{"logTime": "0926/230013", "correlationVector":"6zoM1tNR4JHMw0AEXMRkTj.3","action":"GetUpdates Response", "result":"Success", "context":Received 250 update(s). cV=6zoM1tNR4JHMw0AEXMRkTj.0;server=akswtt10300000f;cloudType=Consumer;environment=Prod_eastus2_prod-s01-050-nam-eastus2;migrationStage=NotStarted Some updates remain.}
{"logTime": "0926/230013", "correlationVector":"MTCTFWNUgwOBHm9JzvTTb9","action":"Initial GetUpdates", "result":"", "context":Reason: NEWLY_SUPPORTED_DATATYPE. cV=MTCTFWNUgwOBHm9JzvTTb9}
{"logTime": "0926/230014", "correlationVector":"MTCTFWNUgwOBHm9JzvTTb9.1","action":"SyncServerConnectionManagerRequest", "result":"SYNC_SERVER_OK", "context":{"environment":"Prod_eastus2_prod-s01-050-nam-eastus2", "migrationStage":"NotStarted", "server":"akswtt10300001v"}}
{"logTime": "0926/230014", "correlationVector":"MTCTFWNUgwOBHm9JzvTTb9.2","action":"ProcessGetUpdates", "result":"Done", "context":{"dataType":"History", "deleted":"0", "process_failed_to_decrypt":"0", "process_pending_decryption":"0", "process_success":"250", "total":"250"}}
{"logTime": "0926/230014", "correlationVector":"MTCTFWNUgwOBHm9JzvTTb9.3","action":"GetUpdates Response", "result":"Success", "context":Received 250 update(s). cV=MTCTFWNUgwOBHm9JzvTTb9.0;server=akswtt10300001v;cloudType=Consumer;environment=Prod_eastus2_prod-s01-050-nam-eastus2;migrationStage=NotStarted Some updates remain.}
{"logTime": "0926/230014", "correlationVector":"I0WdOeYYWWcLZr5E76iK4x","action":"Initial GetUpdates", "result":"", "context":Reason: NEWLY_SUPPORTED_DATATYPE. cV=I0WdOeYYWWcLZr5E76iK4x}
{"logTime": "0926/230014", "correlationVector":"I0WdOeYYWWcLZr5E76iK4x.1","action":"SyncServerConnectionManagerRequest", "result":"SYNC_SERVER_OK", "context":{"environment":"Prod_eastus2_prod-s01-050-nam-eastus2", "migrationStage":"NotStarted", "server":"akswtt10300000a"}}
{"logTime": "0926/230014", "correlationVector":"I0WdOeYYWWcLZr5E76iK4x.2","action":"ProcessGetUpdates", "result":"Done", "context":{"dataType":"History", "deleted":"0", "process_failed_to_decrypt":"0", "process_pending_decryption":"0", "process_success":"250", "total":"250"}}
{"logTime": "0926/230014", "correlationVector":"I0WdOeYYWWcLZr5E76iK4x.3","action":"GetUpdates Response", "result":"Success", "context":Received 250 update(s). cV=I0WdOeYYWWcLZr5E76iK4x.0;server=akswtt10300000a;cloudType=Consumer;environment=Prod_eastus2_prod-s01-050-nam-eastus2;migrationStage=NotStarted Some updates remain.}
{"logTime": "0926/230014", "correlationVector":"P5xMvB89NrrDAcMus81d2A","action":"Initial GetUpdates", "result":"", "context":Reason: NEWLY_SUPPORTED_DATATYPE. cV=P5xMvB89NrrDAcMus81d2A}
{"logTime": "0926/230015", "correlationVector":"P5xMvB89NrrDAcMus81d2A.1","action":"SyncServerConnectionManagerRequest", "result":"SYNC_SERVER_OK", "context":{"environment":"Prod_eastus2_prod-s01-050-nam-eastus2", "migrationStage":"NotStarted", "server":"akswtt10300001a"}}
{"logTime": "0926/230015", "correlationVector":"P5xMvB89NrrDAcMus81d2A.2","action":"ProcessGetUpdates", "result":"Done", "context":{"dataType":"History", "deleted":"0", "process_failed_to_decrypt":"0", "process_pending_decryption":"0", "process_success":"250", "total":"250"}}
{"logTime": "0926/230015", "correlationVector":"P5xMvB89NrrDAcMus81d2A.3","action":"GetUpdates Response", "result":"Success", "context":Received 250 update(s). cV=P5xMvB89NrrDAcMus81d2A.0;server=akswtt10300001a;cloudType=Consumer;environment=Prod_eastus2_prod-s01-050-nam-eastus2;migrationStage=NotStarted Some updates remain.}
{"logTime": "0926/230015", "correlationVector":"TVnCQTsRAoOsLd7PP7kgkW","action":"Initial GetUpdates", "result":"", "context":Reason: NEWLY_SUPPORTED_DATATYPE. cV=TVnCQTsRAoOsLd7PP7kgkW}
{"logTime": "0926/230015", "correlationVector":"TVnCQTsRAoOsLd7PP7kgkW.1","action":"SyncServerConnectionManagerRequest", "result":"SYNC_SERVER_OK", "context":{"environment":"Prod_eastus2_prod-s01-050-nam-eastus2", "migrationStage":"NotStarted", "server":"akswtt10300000a"}}
{"logTime": "0926/230015", "correlationVector":"TVnCQTsRAoOsLd7PP7kgkW.2","action":"ProcessGetUpdates", "result":"Done", "context":{"dataType":"History", "deleted":"0", "process_failed_to_decrypt":"0", "process_pending_decryption":"0", "process_success":"250", "total":"250"}}
{"logTime": "0926/230015", "correlationVector":"TVnCQTsRAoOsLd7PP7kgkW.3","action":"GetUpdates Response", "result":"Success", "context":Received 250 update(s). cV=TVnCQTsRAoOsLd7PP7kgkW.0;server=akswtt10300000a;cloudType=Consumer;environment=Prod_eastus2_prod-s01-050-nam-eastus2;migrationStage=NotStarted Some updates remain.}
{"logTime": "0926/230015", "correlationVector":"esDRfSVUuB2P/v11UhS4PZ","action":"Initial GetUpdates", "result":"", "context":Reason: NEWLY_SUPPORTED_DATATYPE. cV=esDRfSVUuB2P/v11UhS4PZ}
{"logTime": "0926/230016", "correlationVector":"esDRfSVUuB2P/v11UhS4PZ.1","action":"SyncServerConnectionManagerRequest", "result":"SYNC_SERVER_OK", "context":{"environment":"Prod_eastus2_prod-s01-050-nam-eastus2", "migrationStage":"NotStarted", "server":"akswtt103000003"}}
{"logTime": "0926/230016", "correlationVector":"esDRfSVUuB2P/v11UhS4PZ.2","action":"ProcessGetUpdates", "result":"Done", "context":{"dataType":"History", "deleted":"0", "process_failed_to_decrypt":"0", "process_pending_decryption":"0", "process_success":"250", "total":"250"}}
{"logTime": "0926/230016", "correlationVector":"esDRfSVUuB2P/v11UhS4PZ.3","action":"GetUpdates Response", "result":"Success", "context":Received 250 update(s). cV=esDRfSVUuB2P/v11UhS4PZ.0;server=akswtt103000003;cloudType=Consumer;environment=Prod_eastus2_prod-s01-050-nam-eastus2;migrationStage=NotStarted Some updates remain.}
{"logTime": "0926/230016", "correlationVector":"H/HaCvpfPBJVOo8cwA54+A","action":"Initial GetUpdates", "result":"", "context":Reason: NEWLY_SUPPORTED_DATATYPE. cV=H/HaCvpfPBJVOo8cwA54+A}
{"logTime": "0926/230016", "correlationVector":"H/HaCvpfPBJVOo8cwA54+A.1","action":"SyncServerConnectionManagerRequest", "result":"SYNC_SERVER_OK", "context":{"environment":"Prod_eastus2_prod-s01-050-nam-eastus2", "migrationStage":"NotStarted", "server":"akswtt10300001a"}}
{"logTime": "0926/230016", "correlationVector":"H/HaCvpfPBJVOo8cwA54+A.2","action":"ProcessGetUpdates", "result":"Done", "context":{"dataType":"History", "deleted":"0", "process_failed_to_decrypt":"0", "process_pending_decryption":"0", "process_success":"250", "total":"250"}}
{"logTime": "0926/230016", "correlationVector":"H/HaCvpfPBJVOo8cwA54+A.3","action":"GetUpdates Response", "result":"Success", "context":Received 250 update(s). cV=H/HaCvpfPBJVOo8cwA54+A.0;server=akswtt10300001a;cloudType=Consumer;environment=Prod_eastus2_prod-s01-050-nam-eastus2;migrationStage=NotStarted Some updates remain.}
{"logTime": "0926/230016", "correlationVector":"NBjBJ3/I/BLgU3aWf/4VOi","action":"Initial GetUpdates", "result":"", "context":Reason: NEWLY_SUPPORTED_DATATYPE. cV=NBjBJ3/I/BLgU3aWf/4VOi}
{"logTime": "0926/230017", "correlationVector":"NBjBJ3/I/BLgU3aWf/4VOi.1","action":"SyncServerConnectionManagerRequest", "result":"SYNC_SERVER_OK", "context":{"environment":"Prod_eastus2_prod-s01-050-nam-eastus2", "migrationStage":"NotStarted", "server":"akswtt10300000u"}}
{"logTime": "0926/230017", "correlationVector":"NBjBJ3/I/BLgU3aWf/4VOi.2","action":"ProcessGetUpdates", "result":"Done", "context":{"dataType":"History", "deleted":"0", "process_failed_to_decrypt":"0", "process_pending_decryption":"0", "process_success":"250", "total":"250"}}
{"logTime": "0926/230017", "correlationVector":"NBjBJ3/I/BLgU3aWf/4VOi.3","action":"GetUpdates Response", "result":"Success", "context":Received 250 update(s). cV=NBjBJ3/I/BLgU3aWf/4VOi.0;server=akswtt10300000u;cloudType=Consumer;environment=Prod_eastus2_prod-s01-050-nam-eastus2;migrationStage=NotStarted Some updates remain.}
{"logTime": "0926/230017", "correlationVector":"2t2nvn/w7RbUQVwgotTmZv","action":"Initial GetUpdates", "result":"", "context":Reason: NEWLY_SUPPORTED_DATATYPE. cV=2t2nvn/w7RbUQVwgotTmZv}
{"logTime": "0926/230017", "correlationVector":"2t2nvn/w7RbUQVwgotTmZv.1","action":"SyncServerConnectionManagerRequest", "result":"SYNC_SERVER_OK", "context":{"environment":"Prod_eastus2_prod-s01-050-nam-eastus2", "migrationStage":"NotStarted", "server":"akswtt10300001v"}}
{"logTime": "0926/230017", "correlationVector":"2t2nvn/w7RbUQVwgotTmZv.2","action":"ProcessGetUpdates", "result":"Done", "context":{"dataType":"History", "deleted":"0", "process_failed_to_decrypt":"0", "process_pending_decryption":"0", "process_success":"250", "total":"250"}}
{"logTime": "0926/230017", "correlationVector":"2t2nvn/w7RbUQVwgotTmZv.3","action":"GetUpdates Response", "result":"Success", "context":Received 250 update(s). cV=2t2nvn/w7RbUQVwgotTmZv.0;server=akswtt10300001v;cloudType=Consumer;environment=Prod_eastus2_prod-s01-050-nam-eastus2;migrationStage=NotStarted Some updates remain.}
{"logTime": "0926/230017", "correlationVector":"5JzVKqQicvwdFK6ysQMqHq","action":"Initial GetUpdates", "result":"", "context":Reason: NEWLY_SUPPORTED_DATATYPE. cV=5JzVKqQicvwdFK6ysQMqHq}
{"logTime": "0926/230018", "correlationVector":"5JzVKqQicvwdFK6ysQMqHq.1","action":"SyncServerConnectionManagerRequest", "result":"SYNC_SERVER_OK", "context":{"environment":"Prod_eastus2_prod-s01-050-nam-eastus2", "migrationStage":"NotStarted", "server":"akswtt103000011"}}
{"logTime": "0926/230018", "correlationVector":"5JzVKqQicvwdFK6ysQMqHq.2","action":"ProcessGetUpdates", "result":"Done", "context":{"dataType":"History", "deleted":"0", "process_failed_to_decrypt":"0", "process_pending_decryption":"0", "process_success":"250", "total":"250"}}
{"logTime": "0926/230018", "correlationVector":"5JzVKqQicvwdFK6ysQMqHq.3","action":"GetUpdates Response", "result":"Success", "context":Received 250 update(s). cV=5JzVKqQicvwdFK6ysQMqHq.0;server=akswtt103000011;cloudType=Consumer;environment=Prod_eastus2_prod-s01-050-nam-eastus2;migrationStage=NotStarted Some updates remain.}
{"logTime": "0926/230018", "correlationVector":"Hz/XmOJnrENuB5022H5s66","action":"Initial GetUpdates", "result":"", "context":Reason: NEWLY_SUPPORTED_DATATYPE. cV=Hz/XmOJnrENuB5022H5s66}
{"logTime": "0926/230018", "correlationVector":"Hz/XmOJnrENuB5022H5s66.1","action":"SyncServerConnectionManagerRequest", "result":"SYNC_SERVER_OK", "context":{"environment":"Prod_eastus2_prod-s01-050-nam-eastus2", "migrationStage":"NotStarted", "server":"akswtt10300000t"}}
{"logTime": "0926/230018", "correlationVector":"Hz/XmOJnrENuB5022H5s66.2","action":"ProcessGetUpdates", "result":"Done", "context":{"dataType":"History", "deleted":"0", "process_failed_to_decrypt":"0", "process_pending_decryption":"0", "process_success":"139", "total":"139"}}
{"logTime": "0926/230018", "correlationVector":"Hz/XmOJnrENuB5022H5s66.3","action":"GetUpdates Response", "result":"Success", "context":Received 139 update(s). cV=Hz/XmOJnrENuB5022H5s66.0;server=akswtt10300000t;cloudType=Consumer;environment=Prod_eastus2_prod-s01-050-nam-eastus2;migrationStage=NotStarted}
{"logTime": "0926/230018", "correlationVector":"GiVBCXd8F8Qq8fqAoOYohl","action":"Normal GetUpdate request", "result":"", "context":cV=GiVBCXd8F8Qq8fqAoOYohl
Nudged types: Sessions, Device Info, User Consents
Refresh requested types: Bookmarks, Preferences, Passwords, Autofill Profiles, Autofill, Extensions, Sessions, Extension settings, History Delete Directives, Device Info, User Consents, Send Tab To Self, Web Apps, History, Saved Tab Group, WebAuthn Credentials, Collection, Edge E Drop, Edge Hub App Usage, Edge Wallet, Encryption Keys}
{"logTime": "0926/230019", "correlationVector":"GiVBCXd8F8Qq8fqAoOYohl.1","action":"SyncServerConnectionManagerRequest", "result":"SYNC_SERVER_OK", "context":{"environment":"Prod_eastus2_prod-s01-050-nam-eastus2", "migrationStage":"NotStarted", "server":"akswtt10300000v"}}
{"logTime": "0926/230019", "correlationVector":"GiVBCXd8F8Qq8fqAoOYohl.2","action":"GetUpdates Response", "result":"Success", "context":Received 0 update(s). cV=GiVBCXd8F8Qq8fqAoOYohl.0;server=akswtt10300000v;cloudType=Consumer;environment=Prod_eastus2_prod-s01-050-nam-eastus2;migrationStage=NotStarted}
{"logTime": "0926/230019", "correlationVector":"6+X2RmyYgDPzouBXwGw+R4","action":"DoCompareDataConsistency requsted types: ", "result":"Bookmarks, Preferences, Passwords, Extensions, Extension settings, History Delete Directives, Send Tab To Self, Web Apps, History, Saved Tab Group, WebAuthn Credentials, Collection, Edge E Drop, Edge Wallet, Encryption Keys"}
{"logTime": "0926/230019", "correlationVector":"6+X2RmyYgDPzouBXwGw+R4.0","action":"CompareDataConsistency result: ", "result":"Compare result: Encryption Keys is consistent. local entities count is: 1 local entities hash is: 3ZZHxzTsj5ExijlfpDde+dXeCWY="}
{"logTime": "0926/230019", "correlationVector":"6+X2RmyYgDPzouBXwGw+R4.1","action":"CompareDataConsistency result: ", "result":"Compare result: Bookmarks is consistent. local entities count is: 9 local entities hash is: ym4YTIMC7cuozNUAastnSXWB7bA="}
{"logTime": "0926/230019", "correlationVector":"6+X2RmyYgDPzouBXwGw+R4.2","action":"CompareDataConsistency result: ", "result":"Compare result: Preferences is consistent. local entities count is: 93 local entities hash is: ykD7+fResbO3uJJeims6T6d+MU8="}
{"logTime": "0926/230019", "correlationVector":"6+X2RmyYgDPzouBXwGw+R4.3","action":"CompareDataConsistency result: ", "result":"Compare result: Extensions is consistent. local entities count is: 11 local entities hash is: VNe+YbfaywiRfjhNXuaur05zg6I="}
{"logTime": "0926/230019", "correlationVector":"6+X2RmyYgDPzouBXwGw+R4.4","action":"CompareDataConsistency result: ", "result":"Compare result: Extension settings is consistent. local entities count is: 3 local entities hash is: /yak30FAEgiXLhvIAr+Vni2jqmA="}
{"logTime": "0926/230019", "correlationVector":"6+X2RmyYgDPzouBXwGw+R4.5","action":"CompareDataConsistency result: ", "result":"Compare result: History Delete Directives is inconsistent. server entities count is: 2 server entities hash is: 16cL4+ax/yhVFqP3SzIEPDVtnT0= local entities count is: 0 local entities hash is: "}
{"logTime": "0926/230019", "correlationVector":"6+X2RmyYgDPzouBXwGw+R4.6","action":"CompareDataConsistency result: ", "result":"Server did not send this Send Tab To Self local entities count is: 0 local entities hash is: "}
{"logTime": "0926/230019", "correlationVector":"6+X2RmyYgDPzouBXwGw+R4.7","action":"CompareDataConsistency result: ", "result":"Compare result: Web Apps is consistent. local entities count is: 0 local entities hash is: "}
{"logTime": "0926/230019", "correlationVector":"6+X2RmyYgDPzouBXwGw+R4.8","action":"CompareDataConsistency result: ", "result":"Server did not send this History local entities count is: 0 local entities hash is: "}
{"logTime": "0926/230019", "correlationVector":"6+X2RmyYgDPzouBXwGw+R4.9","action":"CompareDataConsistency result: ", "result":"Compare result: Saved Tab Group is consistent. local entities count is: 0 local entities hash is: "}
{"logTime": "0926/230019", "correlationVector":"6+X2RmyYgDPzouBXwGw+R4.10","action":"CompareDataConsistency result: ", "result":"Server did not send this WebAuthn Credentials local entities count is: 0 local entities hash is: "}
{"logTime": "0926/230019", "correlationVector":"6+X2RmyYgDPzouBXwGw+R4.11","action":"CompareDataConsistency result: ", "result":"Compare result: Collection is consistent. local entities count is: 0 local entities hash is: "}
{"logTime": "0926/230019", "correlationVector":"6+X2RmyYgDPzouBXwGw+R4.12","action":"CompareDataConsistency result: ", "result":"Compare result: Edge E Drop is consistent. local entities count is: 0 local entities hash is: "}
{"logTime": "0926/230019", "correlationVector":"6+X2RmyYgDPzouBXwGw+R4.13","action":"CompareDataConsistency result: ", "result":"Compare result: Edge Wallet is consistent. local entities count is: 0 local entities hash is: "}
{"logTime": "0926/230019", "correlationVector":"6+X2RmyYgDPzouBXwGw+R4.14","action":"CompareDataConsistency result: ", "result":"Compare result: Passwords is consistent. local entities count is: 24 local entities hash is: SxYYfMenADTA0klssNCk6n8OgYg="}
{"logTime": "0926/230019", "correlationVector":"4yXxzniLV763zZABBwqWB9","action":"Commit Request", "result":"", "context":Item count: 5
Contributing types: Sessions, Device Info, User Consents}
{"logTime": "0926/230019", "correlationVector":"4yXxzniLV763zZABBwqWB9.1","action":"SyncServerConnectionManagerRequest", "result":"SYNC_SERVER_OK", "context":{"environment":"Prod_eastus2_prod-s01-050-nam-eastus2", "migrationStage":"NotStarted", "server":"akswtt10300000t"}}
{"logTime": "0926/230019", "correlationVector":"4yXxzniLV763zZABBwqWB9.2","action":"Commit Response", "result":"Success", "context":Result: Success. cV=4yXxzniLV763zZABBwqWB9.0;server=akswtt10300000t;cloudType=Consumer;environment=Prod_eastus2_prod-s01-050-nam-eastus2;migrationStage=NotStarted}
{"logTime": "0926/230019", "correlationVector":"","action":"DIAGNOSTIC_REQUEST|v1/diagnosticData/Diagnostic.SendCheckResult()|SUCCESS", "result":""}
{"logTime": "0926/230020", "correlationVector":"xYuJTkUO7ZwF3wwXum3wDF","action":"Normal GetUpdate request", "result":"", "context":cV=xYuJTkUO7ZwF3wwXum3wDF
Nudged types: Sessions, Device Info
Notified types: History}
{"logTime": "0926/230020", "correlationVector":"xYuJTkUO7ZwF3wwXum3wDF.1","action":"SyncServerConnectionManagerRequest", "result":"SYNC_SERVER_OK", "context":{"environment":"Prod_eastus2_prod-s01-050-nam-eastus2", "migrationStage":"NotStarted", "server":"akswtt10300000f"}}
{"logTime": "0926/230020", "correlationVector":"xYuJTkUO7ZwF3wwXum3wDF.2","action":"ProcessGetUpdates", "result":"Done", "context":{"dataType":"Sessions", "deleted":"0", "process_failed_to_decrypt":"0", "process_pending_decryption":"0", "process_success":"6", "total":"6"}}
{"logTime": "0926/230020", "correlationVector":"xYuJTkUO7ZwF3wwXum3wDF.3","action":"ProcessGetUpdates", "result":"Done", "context":{"dataType":"Device Info", "deleted":"0", "process_failed_to_decrypt":"0", "process_pending_decryption":"0", "process_success":"1", "total":"1"}}
{"logTime": "0926/230020", "correlationVector":"xYuJTkUO7ZwF3wwXum3wDF.4","action":"ProcessGetUpdates", "result":"Done", "context":{"dataType":"History", "deleted":"0", "process_failed_to_decrypt":"0", "process_pending_decryption":"0", "process_success":"4", "total":"4"}}
{"logTime": "0926/230020", "correlationVector":"xYuJTkUO7ZwF3wwXum3wDF.5","action":"GetUpdates Response", "result":"Success", "context":Received 11 update(s). cV=xYuJTkUO7ZwF3wwXum3wDF.0;server=akswtt10300000f;cloudType=Consumer;environment=Prod_eastus2_prod-s01-050-nam-eastus2;migrationStage=NotStarted}
{"logTime": "0926/230021", "correlationVector":"a87jMArZ7A/eqUOfGOQByg","action":"Normal GetUpdate request", "result":"", "context":cV=a87jMArZ7A/eqUOfGOQByg
Notified types: History}
{"logTime": "0926/230021", "correlationVector":"a87jMArZ7A/eqUOfGOQByg.1","action":"SyncServerConnectionManagerRequest", "result":"SYNC_SERVER_OK", "context":{"environment":"Prod_eastus2_prod-s01-050-nam-eastus2", "migrationStage":"NotStarted", "server":"akswtt10300000v"}}
{"logTime": "0926/230021", "correlationVector":"a87jMArZ7A/eqUOfGOQByg.2","action":"ProcessGetUpdates", "result":"Done", "context":{"dataType":"Sessions", "deleted":"2", "process_failed_to_decrypt":"0", "process_pending_decryption":"0", "process_success":"3", "total":"3"}}
{"logTime": "0926/230021", "correlationVector":"a87jMArZ7A/eqUOfGOQByg.3","action":"ProcessGetUpdates", "result":"Done", "context":{"dataType":"History", "deleted":"0", "process_failed_to_decrypt":"0", "process_pending_decryption":"0", "process_success":"2", "total":"2"}}
{"logTime": "0926/230021", "correlationVector":"a87jMArZ7A/eqUOfGOQByg.4","action":"GetUpdates Response", "result":"Success", "context":Received 5 update(s). cV=a87jMArZ7A/eqUOfGOQByg.0;server=akswtt10300000v;cloudType=Consumer;environment=Prod_eastus2_prod-s01-050-nam-eastus2;migrationStage=NotStarted}
{"logTime": "0926/230102", "correlationVector":"Dken5Dd3datQBug6M1MIFd","action":"Commit Request", "result":"", "context":Item count: 10
Contributing types: Passwords}
{"logTime": "0926/230102", "correlationVector":"Dken5Dd3datQBug6M1MIFd.1","action":"SyncServerConnectionManagerRequest", "result":"SYNC_SERVER_OK", "context":{"environment":"Prod_eastus2_prod-s01-050-nam-eastus2", "migrationStage":"NotStarted", "server":"akswtt103000002"}}
{"logTime": "0926/230102", "correlationVector":"Dken5Dd3datQBug6M1MIFd.2","action":"Commit Response", "result":"Success", "context":Result: Success. cV=Dken5Dd3datQBug6M1MIFd.0;server=akswtt103000002;cloudType=Consumer;environment=Prod_eastus2_prod-s01-050-nam-eastus2;migrationStage=NotStarted}
{"logTime": "0926/230104", "correlationVector":"CMFZdAeaxXpUxqOsKCF0rG","action":"Normal GetUpdate request", "result":"", "context":cV=CMFZdAeaxXpUxqOsKCF0rG
Notified types: History}
{"logTime": "0926/230104", "correlationVector":"CMFZdAeaxXpUxqOsKCF0rG.1","action":"SyncServerConnectionManagerRequest", "result":"SYNC_SERVER_OK", "context":{"environment":"Prod_eastus2_prod-s01-050-nam-eastus2", "migrationStage":"NotStarted", "server":"akswtt103000003"}}
{"logTime": "0926/230104", "correlationVector":"CMFZdAeaxXpUxqOsKCF0rG.2","action":"ProcessGetUpdates", "result":"Done", "context":{"dataType":"Passwords", "deleted":"0", "process_failed_to_decrypt":"0", "process_pending_decryption":"0", "process_success":"10", "total":"10"}}
{"logTime": "0926/230104", "correlationVector":"CMFZdAeaxXpUxqOsKCF0rG.3","action":"ProcessGetUpdates", "result":"Done", "context":{"dataType":"Sessions", "deleted":"1", "process_failed_to_decrypt":"0", "process_pending_decryption":"0", "process_success":"3", "total":"3"}}
{"logTime": "0926/230104", "correlationVector":"CMFZdAeaxXpUxqOsKCF0rG.4","action":"ProcessGetUpdates", "result":"Done", "context":{"dataType":"History", "deleted":"0", "process_failed_to_decrypt":"0", "process_pending_decryption":"0", "process_success":"1", "total":"1"}}
{"logTime": "0926/230104", "correlationVector":"CMFZdAeaxXpUxqOsKCF0rG.5","action":"GetUpdates Response", "result":"Success", "context":Received 14 update(s). cV=CMFZdAeaxXpUxqOsKCF0rG.0;server=akswtt103000003;cloudType=Consumer;environment=Prod_eastus2_prod-s01-050-nam-eastus2;migrationStage=NotStarted}
